\BOOKMARK [0][-]{chapter.4}{\376\377\000D\000e\000v\000e\000l\000o\000p\000m\000e\000n\000t\000\040\000o\000f\000\040\000I\000d\000e\000a}{}% 1
\BOOKMARK [1][-]{section.5}{\376\377\000T\000y\000p\000e\000\040\000a\000n\000d\000\040\000F\000u\000n\000c\000t\000i\000o\000n\000\040\000o\000f\000\040\000t\000h\000e\000\040\000S\000a\000t\000e\000l\000l\000i\000t\000e}{chapter.4}% 2
\BOOKMARK [1][-]{section.7}{\376\377\000O\000b\000j\000e\000c\000t\000i\000v\000e\000\040\000o\000f\000\040\000t\000h\000e\000\040\000P\000r\000o\000j\000e\000c\000t}{chapter.4}% 3
\BOOKMARK [1][-]{section.9}{\376\377\000A\000u\000t\000h\000o\000r\000i\000t\000y\000\040\000a\000n\000d\000\040\000L\000a\000u\000n\000c\000h\000\040\000D\000e\000c\000i\000s\000i\000o\000n}{chapter.4}% 4
\BOOKMARK [1][-]{section.10}{\376\377\000F\000i\000n\000a\000n\000c\000i\000n\000g\000\040\000a\000n\000d\000\040\000C\000o\000s\000t\000\040\000E\000s\000t\000i\000m\000a\000t\000i\000o\000n}{chapter.4}% 5
\BOOKMARK [0][-]{chapter.13}{\376\377\000M\000i\000s\000s\000i\000o\000n\000\040\000S\000t\000a\000t\000e\000m\000e\000n\000t}{}% 6
\BOOKMARK [0][-]{chapter.14}{\376\377\000M\000i\000s\000s\000i\000o\000n\000\040\000A\000n\000a\000l\000y\000s\000i\000s}{}% 7
\BOOKMARK [1][-]{section.15}{\376\377\000F\000a\000m\000i\000l\000i\000a\000r\000i\000z\000a\000t\000i\000o\000n}{chapter.14}% 8
\BOOKMARK [1][-]{section.19}{\376\377\000T\000e\000a\000m\000\040\000F\000o\000r\000m\000a\000t\000i\000o\000n}{chapter.14}% 9
\BOOKMARK [1][-]{section.20}{\376\377\000T\000i\000m\000e\000\040\000P\000l\000a\000n}{chapter.14}% 10
\BOOKMARK [1][-]{section.23}{\376\377\000U\000s\000e\000r\000\040\000R\000e\000q\000u\000i\000r\000e\000m\000e\000n\000t\000s}{chapter.14}% 11
\BOOKMARK [2][-]{subsection.24}{\376\377\000A\000g\000r\000i\000c\000u\000l\000t\000u\000r\000e}{section.23}% 12
\BOOKMARK [2][-]{subsection.26}{\376\377\000W\000a\000t\000e\000r\000\040\000R\000e\000s\000o\000u\000r\000c\000e\000\040\000M\000o\000n\000i\000t\000o\000r\000i\000n\000g\000\040\000a\000n\000d\000\040\000M\000a\000n\000a\000g\000e\000m\000e\000n\000t}{section.23}% 13
\BOOKMARK [2][-]{subsection.27}{\376\377\000D\000a\000m\000s\000\040\000a\000n\000d\000\040\000M\000a\000j\000o\000r\000\040\000G\000r\000o\000u\000n\000d\000\040\000S\000t\000r\000u\000c\000t\000u\000r\000e}{section.23}% 14
\BOOKMARK [2][-]{subsection.29}{\376\377\000U\000r\000b\000a\000n\000\040\000P\000l\000a\000n\000n\000i\000n\000g\000\040\000\050\000R\000o\000a\000d\000s\000\040\000a\000n\000d\000\040\000B\000r\000i\000d\000g\000e\000s\000\051}{section.23}% 15
\BOOKMARK [2][-]{subsection.31}{\376\377\000D\000e\000s\000e\000r\000t\000i\000f\000i\000c\000a\000t\000i\000o\000n\000\040\000a\000n\000d\000\040\000P\000l\000a\000n\000t\000\040\000C\000o\000v\000e\000r}{section.23}% 16
\BOOKMARK [2][-]{subsection.33}{\376\377\000D\000r\000o\000u\000g\000h\000t\000\040\000a\000n\000d\000\040\000O\000t\000h\000e\000r\000\040\000N\000a\000t\000u\000r\000a\000l\000\040\000D\000i\000s\000a\000s\000t\000e\000r\000s}{section.23}% 17
\BOOKMARK [2][-]{subsection.34}{\376\377\000M\000o\000n\000i\000t\000o\000r\000i\000n\000g\000\040\000F\000o\000r\000e\000s\000t\000\040\000F\000i\000r\000e\000s}{section.23}% 18
\BOOKMARK [2][-]{subsection.36}{\376\377\000C\000o\000a\000s\000t\000a\000l\000\040\000Z\000o\000n\000e\000\040\000M\000a\000n\000a\000g\000e\000m\000e\000n\000t\000\040\000a\000n\000d\000\040\000M\000a\000r\000i\000t\000i\000m\000e\000\040\000M\000o\000n\000i\000t\000o\000r\000i\000n\000g}{section.23}% 19
\BOOKMARK [1][-]{section.37}{\376\377\000S\000a\000t\000e\000l\000l\000i\000t\000e\000\040\000O\000p\000e\000r\000a\000t\000i\000o\000n\000\040\000\046\000\040\000U\000s\000e\000r\000\040\000R\000e\000q\000u\000e\000s\000t\000\040\000I\000m\000p\000l\000e\000m\000e\000n\000t\000a\000t\000i\000o\000n}{chapter.14}% 20
\BOOKMARK [1][-]{section.46}{\376\377\000M\000a\000s\000s\000\040\000B\000u\000d\000g\000e\000t\000\040\000a\000n\000d\000\040\000P\000o\000w\000e\000r\000\040\000B\000u\000d\000g\000e\000t}{chapter.14}% 21
\BOOKMARK [1][-]{section.49}{\376\377\000O\000r\000b\000i\000t\000\040\000A\000n\000a\000l\000y\000s\000i\000s\000\040\000a\000n\000d\000\040\000G\000r\000o\000u\000n\000d\000\040\000T\000r\000a\000c\000k}{chapter.14}% 22
\BOOKMARK [1][-]{section.50}{\376\377\000C\000r\000i\000t\000i\000c\000a\000l\000\040\000T\000e\000c\000h\000n\000o\000l\000o\000g\000i\000e\000s}{chapter.14}% 23
\BOOKMARK [1][-]{section.54}{\376\377\000G\000r\000o\000u\000n\000d\000\040\000S\000t\000a\000t\000i\000o\000n}{chapter.14}% 24
\BOOKMARK [1][-]{section.55}{\376\377\000L\000a\000u\000n\000c\000h}{chapter.14}% 25
